2025-08-26 21:52:18 | INFO | __main__:50 | Logger loaded.
2025-08-26 21:52:18 | INFO | __main__:169 | STARTING main()..
2025-08-26 21:52:18 | INFO | __main__:170 | Byline:

**********************************************************
Stellar Analytics — Project Header
**********************************************************
Author:                     Denise Case
Motto:                      Clear. Useful. On time.
Years Active:               5
Accepting New Clients?:     True
Remote Workshops?:          True
Services:                   ['Data Analysis', 'Machine Learning', 'Business Intelligence']
Client Satisfaction Scores: [4.8, 4.6, 4.9, 5.0, 4.7]
Minimum Satisfaction Score: 4.6
Maximum Satisfaction Score: 5.0
Mean Satisfaction Score:    4.80
     Standard Deviation:    0.16
**********************************************************

2025-08-26 21:52:18 | INFO | __main__:181 | This module is organized like all Python modules.
2025-08-26 21:52:18 | INFO | __main__:182 | We write professional Python from the start.
2025-08-26 21:52:18 | INFO | __main__:183 | END main()...
2025-08-26 22:11:01 | INFO | __main__:50 | Logger loaded.
2025-08-26 22:11:01 | INFO | __main__:170 | STARTING main()..
2025-08-26 22:11:01 | INFO | __main__:171 | Byline:

**********************************************************
Stellar Analytics — Project Header
**********************************************************
Author:                     Denise Case
Motto:                      Clear. Useful. On time.
Years Active:               5
Accepting New Clients?:     True
Remote Workshops?:          True
Services:                   ['Data Analysis', 'Machine Learning', 'Business Intelligence']
Client Satisfaction Scores: [4.8, 4.6, 4.9, 5.0, 4.7]
Minimum Satisfaction Score: 4.6
Maximum Satisfaction Score: 5.0
Mean Satisfaction Score:    4.80
     Standard Deviation:    0.16
**********************************************************

2025-08-26 22:11:01 | INFO | __main__:182 | This module is organized like all Python modules.
2025-08-26 22:11:01 | INFO | __main__:183 | We write professional Python from the start.
2025-08-26 22:11:01 | INFO | __main__:184 | END main()...
2025-08-26 22:12:39 | INFO | __main__:50 | Logger loaded.
2025-08-26 22:12:39 | INFO | __main__:170 | STARTING main()..
2025-08-26 22:12:39 | INFO | __main__:171 | Byline:

**********************************************************
Stellar Analytics — Project Header
**********************************************************
Author:                     Denise Case
Motto:                      Clear. Useful. On time.
Years Active:               5
Accepting New Clients?:     True
Remote Workshops?:          True
Services:                   ['Data Analysis', 'Machine Learning', 'Business Intelligence']
Client Satisfaction Scores: [4.8, 4.6, 4.9, 5.0, 4.7]
Minimum Satisfaction Score: 4.6
Maximum Satisfaction Score: 5.0
Mean Satisfaction Score:    4.80
     Standard Deviation:    0.16
**********************************************************

2025-08-26 22:12:39 | INFO | __main__:182 | This module is organized like all Python modules.
2025-08-26 22:12:39 | INFO | __main__:183 | We write professional Python from the start.
2025-08-26 22:12:39 | INFO | __main__:184 | END main()...
2025-08-26 22:17:07 | INFO | __main__:50 | Logger loaded.
2025-08-26 22:17:07 | INFO | __main__:171 | STARTING main()..
2025-08-26 22:17:07 | INFO | __main__:172 | Byline:

**********************************************************
Mystic Analytics — Project Header
**********************************************************
Author:                     Hailey Hanson
Motto:                      Hazy. Mysterious. Outside of Time.
Years Active:               5
Accepting New Clients?:     True
Remote Workshops?:          True
Services:                   ['Data Analysis', 'Machine Learning', 'Business Intelligence']
Client Satisfaction Scores: [4.8, 4.6, 4.9, 5.0, 4.7]
Minimum Satisfaction Score: 4.6
Maximum Satisfaction Score: 5.0
Mean Satisfaction Score:    4.80
     Standard Deviation:    0.16
**********************************************************

2025-08-26 22:17:07 | INFO | __main__:183 | This module is organized like all Python modules.
2025-08-26 22:17:07 | INFO | __main__:184 | We write professional Python from the start.
2025-08-26 22:17:07 | INFO | __main__:185 | END main()...
2025-08-26 22:19:35 | INFO | __main__:50 | Logger loaded.
2025-08-26 22:19:35 | INFO | __main__:171 | STARTING main()..
2025-08-26 22:19:35 | INFO | __main__:172 | Byline:

**********************************************************
Mystic Analytics — Project Header
**********************************************************
Author:                     Hailey Hanson
Motto:                      Hazy. Mysterious. Outside of Time.
Years Active:               5
Accepting New Clients?:     True
Remote Workshops?:          True
Services:                   ['Data Analysis', 'Machine Learning', 'Business Intelligence']
Client Satisfaction Scores: [4.8, 4.6, 4.9, 5.0, 4.7]
Minimum Satisfaction Score: 4.6
Maximum Satisfaction Score: 5.0
Mean Satisfaction Score:    4.80
     Standard Deviation:    0.16
**********************************************************

2025-08-26 22:19:35 | INFO | __main__:183 | This module is organized like all Python modules.
2025-08-26 22:19:35 | INFO | __main__:184 | We write professional Python from the start.
2025-08-26 22:19:35 | INFO | __main__:185 | END main()...
2025-08-26 22:21:34 | INFO | __main__:50 | Logger loaded.
2025-08-26 22:21:34 | INFO | __main__:172 | STARTING main()..
2025-08-26 22:21:34 | INFO | __main__:173 | Byline:

**********************************************************
Mystic Analytics — Project Header
**********************************************************
Author:                     Hailey Hanson
Motto:                      Hazy. Mysterious. Outside of Time.
Years Active:               5
Accepting New Clients?:     True
Remote Workshops?:          True
Services:                   ['Data Analysis', 'Machine Learning', 'Business Intelligence']
Client Satisfaction Scores: [4.8, 4.6, 4.9, 5.0, 4.7]
Minimum Satisfaction Score: 4.6
Maximum Satisfaction Score: 5.0
Mean Satisfaction Score:    4.80
     Standard Deviation:    0.16
**********************************************************

2025-08-26 22:21:34 | INFO | __main__:184 | This module is organized like all Python modules.
2025-08-26 22:21:34 | INFO | __main__:185 | We write professional Python from the start.
2025-08-26 22:21:34 | INFO | __main__:186 | END main()...
